  DataManager.cpp
e:\microsoft visual studio\2017\enterprise\vc\tools\msvc\14.15.26726\include\algorithm(1443): warning C4244: “=”: 从“wint_t”转换到“char”，可能丢失数据
  f:\c语言\c++\快速搜索项目\快速搜索项目\datamanager.cpp(168): note: 参见对正在编译的函数 模板 实例化“_OutIt std::transform<std::_String_const_iterator<std::_String_val<std::_Simple_types<_Ty>>>,std::_String_iterator<std::_String_val<std::_Simple_types<_Ty>>>,wint_t(__cdecl *)(wint_t)>(const _InIt,const _InIt,_OutIt,_Fn)”的引用
          with
          [
              _OutIt=std::_String_iterator<std::_String_val<std::_Simple_types<char>>>,
              _Ty=char,
              _InIt=std::_String_const_iterator<std::_String_val<std::_Simple_types<char>>>,
              _Fn=wint_t (__cdecl *)(wint_t)
          ]
  DocFastSerachTool.cpp
  ScanManager.cpp
  Sysutil.cpp
f:\c语言\c++\快速搜索项目\快速搜索项目\sysutil.cpp(56): warning C4267: “参数”: 从“size_t”转换到“short”，可能丢失数据
f:\c语言\c++\快速搜索项目\快速搜索项目\sysutil.cpp(101): warning C4267: “参数”: 从“size_t”转换到“short”，可能丢失数据
f:\c语言\c++\快速搜索项目\快速搜索项目\sysutil.cpp(107): warning C4267: “参数”: 从“size_t”转换到“short”，可能丢失数据
f:\c语言\c++\快速搜索项目\快速搜索项目\sysutil.cpp(249): warning C4018: “<”: 有符号/无符号不匹配
f:\c语言\c++\快速搜索项目\快速搜索项目\sysutil.cpp(316): warning C4476: "sprintf": 格式说明符中的类型字段字符“%”未知
  正在生成代码...
sqlite3.lib(sqlite3.obj) : warning LNK4099: 未找到 PDB“vc120.pdb”(使用“sqlite3.lib(sqlite3.obj)”或在“F:\c语言\c++\快速搜索项目\Debug\vc120.pdb”中寻找)；正在链接对象，如同没有调试信息一样
  快速搜索项目.vcxproj -> F:\c语言\c++\快速搜索项目\Debug\快速搜索项目.exe
