E:\Microsoft Visual Studio\2017\Enterprise\Common7\IDE\VC\VCTargets\Microsoft.CppBuild.targets(391,5): warning MSB8028: 中间目录(Debug\)包含从另一个项目(DocFastSearchTool.vcxproj)共享的文件。   这会导致错误的清除和重新生成行为。
  DataManager.cpp
f:\c语言\代码库\-\docfastsearchtool\快速搜索项目\datamanager.cpp(202): warning C4018: “<”: 有符号/无符号不匹配
f:\c语言\代码库\-\docfastsearchtool\快速搜索项目\datamanager.cpp(233): warning C4018: “<”: 有符号/无符号不匹配
e:\microsoft visual studio\2017\enterprise\vc\tools\msvc\14.15.26726\include\algorithm(1443): warning C4244: “=”: 从“wint_t”转换到“char”，可能丢失数据
  f:\c语言\代码库\-\docfastsearchtool\快速搜索项目\datamanager.cpp(175): note: 参见对正在编译的函数 模板 实例化“_OutIt std::transform<std::_String_const_iterator<std::_String_val<std::_Simple_types<_Ty>>>,std::_String_iterator<std::_String_val<std::_Simple_types<_Ty>>>,wint_t(__cdecl *)(wint_t)>(const _InIt,const _InIt,_OutIt,_Fn)”的引用
          with
          [
              _OutIt=std::_String_iterator<std::_String_val<std::_Simple_types<char>>>,
              _Ty=char,
              _InIt=std::_String_const_iterator<std::_String_val<std::_Simple_types<char>>>,
              _Fn=wint_t (__cdecl *)(wint_t)
          ]
  DocFastSerachTool.cpp
  ScanManager.cpp
  Sysutil.cpp
f:\c语言\代码库\-\docfastsearchtool\快速搜索项目\sysutil.cpp(82): warning C4267: “参数”: 从“size_t”转换到“short”，可能丢失数据
f:\c语言\代码库\-\docfastsearchtool\快速搜索项目\sysutil.cpp(127): warning C4267: “参数”: 从“size_t”转换到“short”，可能丢失数据
f:\c语言\代码库\-\docfastsearchtool\快速搜索项目\sysutil.cpp(133): warning C4267: “参数”: 从“size_t”转换到“short”，可能丢失数据
f:\c语言\代码库\-\docfastsearchtool\快速搜索项目\sysutil.cpp(144): warning C4267: “参数”: 从“size_t”转换到“short”，可能丢失数据
f:\c语言\代码库\-\docfastsearchtool\快速搜索项目\sysutil.cpp(291): warning C4018: “<”: 有符号/无符号不匹配
  正在生成代码...
sqlite3.lib(sqlite3.obj) : warning LNK4099: 未找到 PDB“vc120.pdb”(使用“sqlite3.lib(sqlite3.obj)”或在“F:\c语言\代码库\-\DocFastSearchTool\Debug\vc120.pdb”中寻找)；正在链接对象，如同没有调试信息一样
  快速搜索项目.vcxproj -> F:\c语言\代码库\-\DocFastSearchTool\Debug\快速搜索项目.exe
