f:\c语言\c++\快速搜索项目\快速搜索项目\debug\vc141.pdb
f:\c语言\c++\快速搜索项目\快速搜索项目\debug\vc141.idb
f:\c语言\c++\快速搜索项目\快速搜索项目\debug\sysutil.obj
f:\c语言\c++\快速搜索项目\快速搜索项目\debug\scanmanager.obj
f:\c语言\c++\快速搜索项目\快速搜索项目\debug\docfastserachtool.obj
f:\c语言\c++\快速搜索项目\快速搜索项目\debug\datamanager.obj
f:\c语言\c++\快速搜索项目\debug\快速搜索项目.ilk
f:\c语言\c++\快速搜索项目\debug\快速搜索项目.exe
f:\c语言\c++\快速搜索项目\debug\快速搜索项目.pdb
f:\c语言\c++\docfastsearchtool\快速搜索项目\debug\datamanager.obj
f:\c语言\c++\docfastsearchtool\快速搜索项目\debug\docfastserachtool.obj
f:\c语言\c++\docfastsearchtool\快速搜索项目\debug\scanmanager.obj
f:\c语言\c++\docfastsearchtool\快速搜索项目\debug\sysutil.obj
f:\c语言\c++\docfastsearchtool\快速搜索项目\debug\vc141.idb
f:\c语言\c++\docfastsearchtool\快速搜索项目\debug\vc141.pdb
f:\c语言\c++\docfastsearchtool\debug\快速搜索项目.pdb
f:\c语言\c++\docfastsearchtool\debug\快速搜索项目.exe
f:\c语言\c++\docfastsearchtool\debug\快速搜索项目.ilk
f:\c语言\c++\docfastsearchtool\快速搜索项目\debug\快速搜索项目.tlog\cl.command.1.tlog
f:\c语言\c++\docfastsearchtool\快速搜索项目\debug\快速搜索项目.tlog\cl.read.1.tlog
f:\c语言\c++\docfastsearchtool\快速搜索项目\debug\快速搜索项目.tlog\cl.write.1.tlog
f:\c语言\c++\docfastsearchtool\快速搜索项目\debug\快速搜索项目.tlog\link.command.1.tlog
f:\c语言\c++\docfastsearchtool\快速搜索项目\debug\快速搜索项目.tlog\link.read.1.tlog
f:\c语言\c++\docfastsearchtool\快速搜索项目\debug\快速搜索项目.tlog\link.write.1.tlog
